# JRE version: OpenJDK Runtime Environment Homebrew (21.0.6) (build 21.0.6)
# Java VM: OpenJDK 64-Bit Server VM Homebrew (21.0.6, mixed mode, sharing, tiered, compressed oops, compressed class ptrs, g1 gc, bsd-aarch64)
Heap:
 garbage-first heap   total 299008K, used 39004K [0x00000006e0000000, 0x0000000800000000)
  region size 4096K, 10 young (40960K), 1 survivors (4096K)
 Metaspace       used 9027K, committed 9216K, reserved 1114112K
  class space    used 916K, committed 1024K, reserved 1048576K
GC Heap History (20 events):
Event: 5.862 GC heap before
{Heap before GC invocations=0 (full 0):
 garbage-first heap   total 299008K, used 21535K [0x00000006e0000000, 0x0000000800000000)
  region size 4096K, 5 young (20480K), 0 survivors (0K)
 Metaspace       used 8056K, committed 8256K, reserved 1114112K
  class space    used 849K, committed 960K, reserved 1048576K
}
Event: 5.864 GC heap after
{Heap after GC invocations=1 (full 0):
 garbage-first heap   total 299008K, used 3422K [0x00000006e0000000, 0x0000000800000000)
  region size 4096K, 1 young (4096K), 1 survivors (4096K)
 Metaspace       used 8056K, committed 8256K, reserved 1114112K
  class space    used 849K, committed 960K, reserved 1048576K
}
Event: 19.862 GC heap before
{Heap before GC invocations=1 (full 0):
 garbage-first heap   total 299008K, used 32094K [0x00000006e0000000, 0x0000000800000000)
  region size 4096K, 8 young (32768K), 1 survivors (4096K)
 Metaspace       used 8245K, committed 8448K, reserved 1114112K
  class space    used 865K, committed 960K, reserved 1048576K
}
Event: 19.863 GC heap after
{Heap after GC invocations=2 (full 0):
 garbage-first heap   total 299008K, used 3581K [0x00000006e0000000, 0x0000000800000000)
  region size 4096K, 1 young (4096K), 1 survivors (4096K)
 Metaspace       used 8245K, committed 8448K, reserved 1114112K
  class space    used 865K, committed 960K, reserved 1048576K
}
Event: 124.728 GC heap before
{Heap before GC invocations=2 (full 0):
 garbage-first heap   total 299008K, used 175613K [0x00000006e0000000, 0x0000000800000000)
  region size 4096K, 43 young (176128K), 1 survivors (4096K)
 Metaspace       used 8423K, committed 8640K, reserved 1114112K
  class space    used 875K, committed 960K, reserved 1048576K
}
Event: 124.729 GC heap after
{Heap after GC invocations=3 (full 0):
 garbage-first heap   total 299008K, used 3410K [0x00000006e0000000, 0x0000000800000000)
  region size 4096K, 1 young (4096K), 1 survivors (4096K)
 Metaspace       used 8423K, committed 8640K, reserved 1114112K
  class space    used 875K, committed 960K, reserved 1048576K
}
Event: 234.249 GC heap before
{Heap before GC invocations=3 (full 0):
 garbage-first heap   total 299008K, used 175442K [0x00000006e0000000, 0x0000000800000000)
  region size 4096K, 43 young (176128K), 1 survivors (4096K)
 Metaspace       used 9013K, committed 9216K, reserved 1114112K
  class space    used 915K, committed 1024K, reserved 1048576K
}
Event: 234.250 GC heap after
{Heap after GC invocations=4 (full 0):
 garbage-first heap   total 299008K, used 4210K [0x00000006e0000000, 0x0000000800000000)
  region size 4096K, 1 young (4096K), 1 survivors (4096K)
 Metaspace       used 9013K, committed 9216K, reserved 1114112K
  class space    used 915K, committed 1024K, reserved 1048576K
}
Event: 347.045 GC heap before
{Heap before GC invocations=4 (full 0):
 garbage-first heap   total 299008K, used 176242K [0x00000006e0000000, 0x0000000800000000)
  region size 4096K, 43 young (176128K), 1 survivors (4096K)
 Metaspace       used 9015K, committed 9216K, reserved 1114112K
  class space    used 915K, committed 1024K, reserved 1048576K
}
Event: 347.046 GC heap after
{Heap after GC invocations=5 (full 0):
 garbage-first heap   total 299008K, used 4190K [0x00000006e0000000, 0x0000000800000000)
  region size 4096K, 1 young (4096K), 1 survivors (4096K)
 Metaspace       used 9015K, committed 9216K, reserved 1114112K
  class space    used 915K, committed 1024K, reserved 1048576K
}
Event: 461.667 GC heap before
{Heap before GC invocations=5 (full 0):
 garbage-first heap   total 299008K, used 176222K [0x00000006e0000000, 0x0000000800000000)
  region size 4096K, 43 young (176128K), 1 survivors (4096K)
 Metaspace       used 9015K, committed 9216K, reserved 1114112K
  class space    used 915K, committed 1024K, reserved 1048576K
}
Event: 461.668 GC heap after
{Heap after GC invocations=6 (full 0):
 garbage-first heap   total 299008K, used 4175K [0x00000006e0000000, 0x0000000800000000)
  region size 4096K, 1 young (4096K), 1 survivors (4096K)
 Metaspace       used 9015K, committed 9216K, reserved 1114112K
  class space    used 915K, committed 1024K, reserved 1048576K
}
Event: 577.829 GC heap before
{Heap before GC invocations=6 (full 0):
 garbage-first heap   total 299008K, used 192591K [0x00000006e0000000, 0x0000000800000000)
  region size 4096K, 43 young (176128K), 1 survivors (4096K)
 Metaspace       used 9027K, committed 9216K, reserved 1114112K
  class space    used 916K, committed 1024K, reserved 1048576K
}
Event: 577.836 GC heap after
{Heap after GC invocations=7 (full 0):
 garbage-first heap   total 299008K, used 20576K [0x00000006e0000000, 0x0000000800000000)
  region size 4096K, 1 young (4096K), 1 survivors (4096K)
 Metaspace       used 9027K, committed 9216K, reserved 1114112K
  class space    used 916K, committed 1024K, reserved 1048576K
}
Event: 692.965 GC heap before
{Heap before GC invocations=7 (full 0):
 garbage-first heap   total 299008K, used 192608K [0x00000006e0000000, 0x0000000800000000)
  region size 4096K, 43 young (176128K), 1 survivors (4096K)
 Metaspace       used 9027K, committed 9216K, reserved 1114112K
  class space    used 916K, committed 1024K, reserved 1048576K
}
Event: 692.968 GC heap after
{Heap after GC invocations=8 (full 0):
 garbage-first heap   total 299008K, used 4192K [0x00000006e0000000, 0x0000000800000000)
  region size 4096K, 1 young (4096K), 1 survivors (4096K)
 Metaspace       used 9027K, committed 9216K, reserved 1114112K
  class space    used 916K, committed 1024K, reserved 1048576K
}
Event: 813.567 GC heap before
{Heap before GC invocations=8 (full 0):
 garbage-first heap   total 299008K, used 176224K [0x00000006e0000000, 0x0000000800000000)
  region size 4096K, 43 young (176128K), 1 survivors (4096K)
 Metaspace       used 9027K, committed 9216K, reserved 1114112K
  class space    used 916K, committed 1024K, reserved 1048576K
}
Event: 813.594 GC heap after
{Heap after GC invocations=9 (full 0):
 garbage-first heap   total 299008K, used 4202K [0x00000006e0000000, 0x0000000800000000)
  region size 4096K, 1 young (4096K), 1 survivors (4096K)
 Metaspace       used 9027K, committed 9216K, reserved 1114112K
  class space    used 916K, committed 1024K, reserved 1048576K
}
Event: 932.296 GC heap before
{Heap before GC invocations=9 (full 0):
 garbage-first heap   total 299008K, used 176234K [0x00000006e0000000, 0x0000000800000000)
  region size 4096K, 43 young (176128K), 1 survivors (4096K)
 Metaspace       used 9027K, committed 9216K, reserved 1114112K
  class space    used 916K, committed 1024K, reserved 1048576K
}
Event: 932.303 GC heap after
{Heap after GC invocations=10 (full 0):
 garbage-first heap   total 299008K, used 4188K [0x00000006e0000000, 0x0000000800000000)
  region size 4096K, 1 young (4096K), 1 survivors (4096K)
 Metaspace       used 9027K, committed 9216K, reserved 1114112K
  class space    used 916K, committed 1024K, reserved 1048576K
}

